<?xml version="1.0" encoding="UTF-8"?>
<robot generator="Rebot 4.1.3 (Python 3.10.2 on win32)" generated="20220307 16:05:06.677" rpa="false" schemaversion="2">
<suite id="s1" name="Suites">
<suite id="s1-s1" name="Project" source="C:\Users\sunplus-08\PycharmProjects\PMMS\testcases\project.robot">
<kw name="Open URL" library="create" type="SETUP">
<kw name="Open Browser" library="SeleniumLibrary">
<arg>${url}</arg>
<arg>${browser}</arg>
<doc>Opens a new browser instance to the given ``url``.</doc>
<msg timestamp="20220307 16:01:47.542" level="INFO">Opening browser 'chrome' to base url 'https://kuwsdb-demo.sunplussoftware.com/login'.</msg>
<status status="PASS" starttime="20220307 16:01:47.541" endtime="20220307 16:02:13.202"/>
</kw>
<kw name="Maximize Browser Window" library="SeleniumLibrary">
<doc>Maximizes current browser window.</doc>
<status status="PASS" starttime="20220307 16:02:13.202" endtime="20220307 16:02:13.447"/>
</kw>
<kw name="Input Text" library="SeleniumLibrary">
<arg>id:email</arg>
<arg>aeekuwasipdwd@gmail.com</arg>
<doc>Types the given ``text`` into text field identified by ``locator``.</doc>
<msg timestamp="20220307 16:02:13.448" level="INFO">Typing text 'aeekuwasipdwd@gmail.com' into text field 'id:email'.</msg>
<status status="PASS" starttime="20220307 16:02:13.447" endtime="20220307 16:02:13.756"/>
</kw>
<kw name="Input Text" library="SeleniumLibrary">
<arg>id:password</arg>
<arg>Dan@pmms@102</arg>
<doc>Types the given ``text`` into text field identified by ``locator``.</doc>
<msg timestamp="20220307 16:02:13.757" level="INFO">Typing text 'Dan@pmms@102' into text field 'id:password'.</msg>
<status status="PASS" starttime="20220307 16:02:13.756" endtime="20220307 16:02:13.935"/>
</kw>
<kw name="Click Element" library="SeleniumLibrary">
<arg>xpath:/html/body/app-root/div[1]/main/div/app-login/div/main/div[2]/div/div/div/div/div/div[6]/div/button/b</arg>
<doc>Click element identified by ``locator``.</doc>
<msg timestamp="20220307 16:02:13.936" level="INFO">Clicking element 'xpath:/html/body/app-root/div[1]/main/div/app-login/div/main/div[2]/div/div/div/div/div/div[6]/div/button/b'.</msg>
<status status="PASS" starttime="20220307 16:02:13.935" endtime="20220307 16:02:14.040"/>
</kw>
<kw name="Set Selenium Implicit Wait" library="SeleniumLibrary">
<arg>10</arg>
<doc>Sets the implicit wait value used by Selenium.</doc>
<status status="PASS" starttime="20220307 16:02:14.041" endtime="20220307 16:02:14.050"/>
</kw>
<kw name="Click Element" library="SeleniumLibrary">
<arg>id:mat-expansion-panel-header-8</arg>
<doc>Click element identified by ``locator``.</doc>
<msg timestamp="20220307 16:02:14.052" level="INFO">Clicking element 'id:mat-expansion-panel-header-8'.</msg>
<status status="PASS" starttime="20220307 16:02:14.051" endtime="20220307 16:02:29.839"/>
</kw>
<kw name="Click Element" library="SeleniumLibrary">
<arg>xpath://*[@id="cdk-accordion-child-8"]/div/div[2]/a</arg>
<doc>Click element identified by ``locator``.</doc>
<msg timestamp="20220307 16:02:29.840" level="INFO">Clicking element 'xpath://*[@id="cdk-accordion-child-8"]/div/div[2]/a'.</msg>
<status status="PASS" starttime="20220307 16:02:29.839" endtime="20220307 16:02:30.300"/>
</kw>
<kw name="Click Element" library="SeleniumLibrary">
<arg>xpath://span[contains(text(),'Create Project')]</arg>
<doc>Click element identified by ``locator``.</doc>
<msg timestamp="20220307 16:02:30.302" level="INFO">Clicking element 'xpath://span[contains(text(),'Create Project')]'.</msg>
<status status="PASS" starttime="20220307 16:02:30.301" endtime="20220307 16:02:31.332"/>
</kw>
<kw name="Click Element" library="SeleniumLibrary">
<arg>id:prozone</arg>
<doc>Click element identified by ``locator``.</doc>
<msg timestamp="20220307 16:02:31.334" level="INFO">Clicking element 'id:prozone'.</msg>
<status status="PASS" starttime="20220307 16:02:31.333" endtime="20220307 16:02:31.854"/>
</kw>
<kw name="Click Element" library="SeleniumLibrary">
<arg>xpath://span[contains(text(),'Dharwad Zone')]</arg>
<doc>Click element identified by ``locator``.</doc>
<msg timestamp="20220307 16:02:31.858" level="INFO">Clicking element 'xpath://span[contains(text(),'Dharwad Zone')]'.</msg>
<status status="PASS" starttime="20220307 16:02:31.854" endtime="20220307 16:02:32.120"/>
</kw>
<status status="PASS" starttime="20220307 16:01:47.539" endtime="20220307 16:02:32.120"/>
</kw>
<test id="s1-s1-t1" name="Project using">
<kw name="Project">
<arg>Test ABC</arg>
<arg>XYZ</arg>
<arg>No Obj</arg>
<arg>22</arg>
<arg>81919</arg>
<arg>34222</arg>
<kw name="projecttitle" library="create">
<arg>${projecttitle}</arg>
<kw name="Input Text" library="SeleniumLibrary">
<arg>id:protitle</arg>
<arg>${projecttitle}</arg>
<doc>Types the given ``text`` into text field identified by ``locator``.</doc>
<msg timestamp="20220307 16:02:32.133" level="INFO">Typing text 'Test ABC' into text field 'id:protitle'.</msg>
<status status="PASS" starttime="20220307 16:02:32.132" endtime="20220307 16:02:32.685"/>
</kw>
<status status="PASS" starttime="20220307 16:02:32.131" endtime="20220307 16:02:32.685"/>
</kw>
<kw name="description" library="create">
<arg>${description}</arg>
<kw name="Input Text" library="SeleniumLibrary">
<arg>id:prodesc</arg>
<arg>${description}</arg>
<doc>Types the given ``text`` into text field identified by ``locator``.</doc>
<msg timestamp="20220307 16:02:32.690" level="INFO">Typing text 'XYZ' into text field 'id:prodesc'.</msg>
<status status="PASS" starttime="20220307 16:02:32.688" endtime="20220307 16:02:32.959"/>
</kw>
<status status="PASS" starttime="20220307 16:02:32.686" endtime="20220307 16:02:32.960"/>
</kw>
<kw name="objective" library="create">
<arg>${objective}</arg>
<kw name="Input Text" library="SeleniumLibrary">
<arg>id:proobject</arg>
<arg>${objective}</arg>
<doc>Types the given ``text`` into text field identified by ``locator``.</doc>
<msg timestamp="20220307 16:02:32.965" level="INFO">Typing text 'No Obj' into text field 'id:proobject'.</msg>
<status status="PASS" starttime="20220307 16:02:32.963" endtime="20220307 16:02:33.310"/>
</kw>
<status status="PASS" starttime="20220307 16:02:32.961" endtime="20220307 16:02:33.311"/>
</kw>
<kw name="workduration" library="create">
<arg>${workduration}</arg>
<kw name="Input Text" library="SeleniumLibrary">
<arg>id:proworkdur</arg>
<arg>${workduration}</arg>
<doc>Types the given ``text`` into text field identified by ``locator``.</doc>
<msg timestamp="20220307 16:02:33.315" level="INFO">Typing text '22' into text field 'id:proworkdur'.</msg>
<status status="PASS" starttime="20220307 16:02:33.314" endtime="20220307 16:02:33.520"/>
</kw>
<status status="PASS" starttime="20220307 16:02:33.312" endtime="20220307 16:02:33.521"/>
</kw>
<kw name="estimation" library="create">
<arg>${estimationcost}</arg>
<kw name="Input Text" library="SeleniumLibrary">
<arg>id:procost</arg>
<arg>${estimationcost}</arg>
<doc>Types the given ``text`` into text field identified by ``locator``.</doc>
<msg timestamp="20220307 16:02:33.525" level="INFO">Typing text '81919' into text field 'id:procost'.</msg>
<status status="PASS" starttime="20220307 16:02:33.524" endtime="20220307 16:02:33.898"/>
</kw>
<status status="PASS" starttime="20220307 16:02:33.522" endtime="20220307 16:02:33.898"/>
</kw>
<kw name="sanctioncost" library="create">
<arg>${sanctioncost}</arg>
<kw name="Input Text" library="SeleniumLibrary">
<arg>id:prosancost</arg>
<arg>${sanctioncost}</arg>
<doc>Types the given ``text`` into text field identified by ``locator``.</doc>
<msg timestamp="20220307 16:02:33.901" level="INFO">Typing text '34222' into text field 'id:prosancost'.</msg>
<status status="PASS" starttime="20220307 16:02:33.900" endtime="20220307 16:02:34.228"/>
</kw>
<status status="PASS" starttime="20220307 16:02:33.899" endtime="20220307 16:02:34.229"/>
</kw>
<kw name="Log To Console" library="BuiltIn">
<arg>${projecttitle}</arg>
<doc>Logs the given message to the console.</doc>
<status status="PASS" starttime="20220307 16:02:34.230" endtime="20220307 16:02:34.231"/>
</kw>
<kw name="Project Save" library="create">
<kw name="Click Element" library="SeleniumLibrary">
<arg>xpath://*[@id="slider"]/div/div/div/div[2]/div[10]/div/button[1]</arg>
<doc>Click element identified by ``locator``.</doc>
<msg timestamp="20220307 16:02:34.234" level="INFO">Clicking element 'xpath://*[@id="slider"]/div/div/div/div[2]/div[10]/div/button[1]'.</msg>
<status status="PASS" starttime="20220307 16:02:34.233" endtime="20220307 16:02:34.374"/>
</kw>
<status status="PASS" starttime="20220307 16:02:34.231" endtime="20220307 16:02:34.374"/>
</kw>
<status status="PASS" starttime="20220307 16:02:32.128" endtime="20220307 16:02:34.375"/>
</kw>
<status status="PASS" starttime="20220307 16:02:32.121" endtime="20220307 16:02:34.375"/>
</test>
<test id="s1-s1-t2" name="Project using">
<kw name="Project">
<arg>PMMS</arg>
<arg>KUWSDB</arg>
<arg>BLR</arg>
<arg>36</arg>
<arg>900001</arg>
<arg>800001</arg>
<kw name="projecttitle" library="create">
<arg>${projecttitle}</arg>
<kw name="Input Text" library="SeleniumLibrary">
<arg>id:protitle</arg>
<arg>${projecttitle}</arg>
<doc>Types the given ``text`` into text field identified by ``locator``.</doc>
<msg timestamp="20220307 16:02:34.384" level="INFO">Typing text 'PMMS' into text field 'id:protitle'.</msg>
<status status="PASS" starttime="20220307 16:02:34.383" endtime="20220307 16:02:34.596"/>
</kw>
<status status="PASS" starttime="20220307 16:02:34.382" endtime="20220307 16:02:34.597"/>
</kw>
<kw name="description" library="create">
<arg>${description}</arg>
<kw name="Input Text" library="SeleniumLibrary">
<arg>id:prodesc</arg>
<arg>${description}</arg>
<doc>Types the given ``text`` into text field identified by ``locator``.</doc>
<msg timestamp="20220307 16:02:34.600" level="INFO">Typing text 'KUWSDB' into text field 'id:prodesc'.</msg>
<status status="PASS" starttime="20220307 16:02:34.599" endtime="20220307 16:02:34.932"/>
</kw>
<status status="PASS" starttime="20220307 16:02:34.597" endtime="20220307 16:02:34.932"/>
</kw>
<kw name="objective" library="create">
<arg>${objective}</arg>
<kw name="Input Text" library="SeleniumLibrary">
<arg>id:proobject</arg>
<arg>${objective}</arg>
<doc>Types the given ``text`` into text field identified by ``locator``.</doc>
<msg timestamp="20220307 16:02:34.935" level="INFO">Typing text 'BLR' into text field 'id:proobject'.</msg>
<status status="PASS" starttime="20220307 16:02:34.934" endtime="20220307 16:02:35.188"/>
</kw>
<status status="PASS" starttime="20220307 16:02:34.933" endtime="20220307 16:02:35.189"/>
</kw>
<kw name="workduration" library="create">
<arg>${workduration}</arg>
<kw name="Input Text" library="SeleniumLibrary">
<arg>id:proworkdur</arg>
<arg>${workduration}</arg>
<doc>Types the given ``text`` into text field identified by ``locator``.</doc>
<msg timestamp="20220307 16:02:35.192" level="INFO">Typing text '36' into text field 'id:proworkdur'.</msg>
<status status="PASS" starttime="20220307 16:02:35.191" endtime="20220307 16:02:35.428"/>
</kw>
<status status="PASS" starttime="20220307 16:02:35.189" endtime="20220307 16:02:35.428"/>
</kw>
<kw name="estimation" library="create">
<arg>${estimationcost}</arg>
<kw name="Input Text" library="SeleniumLibrary">
<arg>id:procost</arg>
<arg>${estimationcost}</arg>
<doc>Types the given ``text`` into text field identified by ``locator``.</doc>
<msg timestamp="20220307 16:02:35.430" level="INFO">Typing text '900001' into text field 'id:procost'.</msg>
<status status="PASS" starttime="20220307 16:02:35.430" endtime="20220307 16:02:35.738"/>
</kw>
<status status="PASS" starttime="20220307 16:02:35.429" endtime="20220307 16:02:35.739"/>
</kw>
<kw name="sanctioncost" library="create">
<arg>${sanctioncost}</arg>
<kw name="Input Text" library="SeleniumLibrary">
<arg>id:prosancost</arg>
<arg>${sanctioncost}</arg>
<doc>Types the given ``text`` into text field identified by ``locator``.</doc>
<msg timestamp="20220307 16:02:35.742" level="INFO">Typing text '800001' into text field 'id:prosancost'.</msg>
<status status="PASS" starttime="20220307 16:02:35.741" endtime="20220307 16:02:36.050"/>
</kw>
<status status="PASS" starttime="20220307 16:02:35.739" endtime="20220307 16:02:36.052"/>
</kw>
<kw name="Log To Console" library="BuiltIn">
<arg>${projecttitle}</arg>
<doc>Logs the given message to the console.</doc>
<status status="PASS" starttime="20220307 16:02:36.052" endtime="20220307 16:02:36.053"/>
</kw>
<kw name="Project Save" library="create">
<kw name="Click Element" library="SeleniumLibrary">
<arg>xpath://*[@id="slider"]/div/div/div/div[2]/div[10]/div/button[1]</arg>
<doc>Click element identified by ``locator``.</doc>
<msg timestamp="20220307 16:02:36.056" level="INFO">Clicking element 'xpath://*[@id="slider"]/div/div/div/div[2]/div[10]/div/button[1]'.</msg>
<status status="PASS" starttime="20220307 16:02:36.055" endtime="20220307 16:02:36.174"/>
</kw>
<status status="PASS" starttime="20220307 16:02:36.054" endtime="20220307 16:02:36.175"/>
</kw>
<status status="PASS" starttime="20220307 16:02:34.381" endtime="20220307 16:02:36.175"/>
</kw>
<status status="PASS" starttime="20220307 16:02:34.377" endtime="20220307 16:02:36.176"/>
</test>
<test id="s1-s1-t3" name="Project using">
<kw name="Project">
<arg>Umesh</arg>
<arg>umesh 1</arg>
<arg>A</arg>
<arg>ab</arg>
<arg>xy</arg>
<arg>al</arg>
<kw name="projecttitle" library="create">
<arg>${projecttitle}</arg>
<kw name="Input Text" library="SeleniumLibrary">
<arg>id:protitle</arg>
<arg>${projecttitle}</arg>
<doc>Types the given ``text`` into text field identified by ``locator``.</doc>
<msg timestamp="20220307 16:02:36.183" level="INFO">Typing text 'Umesh' into text field 'id:protitle'.</msg>
<status status="PASS" starttime="20220307 16:02:36.182" endtime="20220307 16:02:36.488"/>
</kw>
<status status="PASS" starttime="20220307 16:02:36.181" endtime="20220307 16:02:36.489"/>
</kw>
<kw name="description" library="create">
<arg>${description}</arg>
<kw name="Input Text" library="SeleniumLibrary">
<arg>id:prodesc</arg>
<arg>${description}</arg>
<doc>Types the given ``text`` into text field identified by ``locator``.</doc>
<msg timestamp="20220307 16:02:36.492" level="INFO">Typing text 'umesh 1' into text field 'id:prodesc'.</msg>
<status status="PASS" starttime="20220307 16:02:36.491" endtime="20220307 16:02:37.447"/>
</kw>
<status status="PASS" starttime="20220307 16:02:36.490" endtime="20220307 16:02:37.448"/>
</kw>
<kw name="objective" library="create">
<arg>${objective}</arg>
<kw name="Input Text" library="SeleniumLibrary">
<arg>id:proobject</arg>
<arg>${objective}</arg>
<doc>Types the given ``text`` into text field identified by ``locator``.</doc>
<msg timestamp="20220307 16:02:37.454" level="INFO">Typing text 'A' into text field 'id:proobject'.</msg>
<status status="PASS" starttime="20220307 16:02:37.452" endtime="20220307 16:02:38.018"/>
</kw>
<status status="PASS" starttime="20220307 16:02:37.450" endtime="20220307 16:02:38.019"/>
</kw>
<kw name="workduration" library="create">
<arg>${workduration}</arg>
<kw name="Input Text" library="SeleniumLibrary">
<arg>id:proworkdur</arg>
<arg>${workduration}</arg>
<doc>Types the given ``text`` into text field identified by ``locator``.</doc>
<msg timestamp="20220307 16:02:38.023" level="INFO">Typing text 'ab' into text field 'id:proworkdur'.</msg>
<status status="PASS" starttime="20220307 16:02:38.021" endtime="20220307 16:02:38.209"/>
</kw>
<status status="PASS" starttime="20220307 16:02:38.019" endtime="20220307 16:02:38.210"/>
</kw>
<kw name="estimation" library="create">
<arg>${estimationcost}</arg>
<kw name="Input Text" library="SeleniumLibrary">
<arg>id:procost</arg>
<arg>${estimationcost}</arg>
<doc>Types the given ``text`` into text field identified by ``locator``.</doc>
<msg timestamp="20220307 16:02:38.214" level="INFO">Typing text 'xy' into text field 'id:procost'.</msg>
<status status="PASS" starttime="20220307 16:02:38.213" endtime="20220307 16:02:38.379"/>
</kw>
<status status="PASS" starttime="20220307 16:02:38.211" endtime="20220307 16:02:38.403"/>
</kw>
<kw name="sanctioncost" library="create">
<arg>${sanctioncost}</arg>
<kw name="Input Text" library="SeleniumLibrary">
<arg>id:prosancost</arg>
<arg>${sanctioncost}</arg>
<doc>Types the given ``text`` into text field identified by ``locator``.</doc>
<msg timestamp="20220307 16:02:38.408" level="INFO">Typing text 'al' into text field 'id:prosancost'.</msg>
<status status="PASS" starttime="20220307 16:02:38.406" endtime="20220307 16:02:38.654"/>
</kw>
<status status="PASS" starttime="20220307 16:02:38.404" endtime="20220307 16:02:38.656"/>
</kw>
<kw name="Log To Console" library="BuiltIn">
<arg>${projecttitle}</arg>
<doc>Logs the given message to the console.</doc>
<status status="PASS" starttime="20220307 16:02:38.656" endtime="20220307 16:02:38.657"/>
</kw>
<kw name="Project Save" library="create">
<kw name="Click Element" library="SeleniumLibrary">
<arg>xpath://*[@id="slider"]/div/div/div/div[2]/div[10]/div/button[1]</arg>
<doc>Click element identified by ``locator``.</doc>
<msg timestamp="20220307 16:02:38.661" level="INFO">Clicking element 'xpath://*[@id="slider"]/div/div/div/div[2]/div[10]/div/button[1]'.</msg>
<status status="PASS" starttime="20220307 16:02:38.659" endtime="20220307 16:02:38.828"/>
</kw>
<status status="PASS" starttime="20220307 16:02:38.658" endtime="20220307 16:02:38.829"/>
</kw>
<status status="PASS" starttime="20220307 16:02:36.180" endtime="20220307 16:02:38.830"/>
</kw>
<status status="PASS" starttime="20220307 16:02:36.177" endtime="20220307 16:02:38.833"/>
</test>
<kw name="Close browser" library="create" type="TEARDOWN">
<kw name="Close All Browsers" library="SeleniumLibrary">
<doc>Closes all open browsers and resets the browser cache.</doc>
<status status="PASS" starttime="20220307 16:02:38.840" endtime="20220307 16:02:41.771"/>
</kw>
<status status="PASS" starttime="20220307 16:02:38.839" endtime="20220307 16:02:41.772"/>
</kw>
<status status="PASS" starttime="20220307 16:01:45.325" endtime="20220307 16:02:41.772"/>
</suite>
<suite id="s1-s2" name="Projectexcel" source="C:\Users\sunplus-08\PycharmProjects\PMMS\testcases\projectexcel.robot">
<kw name="Open URL" library="createproject" type="SETUP">
<kw name="Open Browser" library="SeleniumLibrary">
<arg>${url}</arg>
<arg>${browser}</arg>
<doc>Opens a new browser instance to the given ``url``.</doc>
<msg timestamp="20220307 16:01:47.538" level="INFO">Opening browser 'chrome' to base url 'https://kuwsdb-demo.sunplussoftware.com/login'.</msg>
<status status="PASS" starttime="20220307 16:01:47.537" endtime="20220307 16:02:14.322"/>
</kw>
<kw name="Maximize Browser Window" library="SeleniumLibrary">
<doc>Maximizes current browser window.</doc>
<status status="PASS" starttime="20220307 16:02:14.323" endtime="20220307 16:02:14.652"/>
</kw>
<kw name="Input Text" library="SeleniumLibrary">
<arg>id:email</arg>
<arg>aeekuwasipdwd@gmail.com</arg>
<doc>Types the given ``text`` into text field identified by ``locator``.</doc>
<msg timestamp="20220307 16:02:14.656" level="INFO">Typing text 'aeekuwasipdwd@gmail.com' into text field 'id:email'.</msg>
<status status="PASS" starttime="20220307 16:02:14.654" endtime="20220307 16:02:15.087"/>
</kw>
<kw name="Input Text" library="SeleniumLibrary">
<arg>id:password</arg>
<arg>Dan@pmms@102</arg>
<doc>Types the given ``text`` into text field identified by ``locator``.</doc>
<msg timestamp="20220307 16:02:15.088" level="INFO">Typing text 'Dan@pmms@102' into text field 'id:password'.</msg>
<status status="PASS" starttime="20220307 16:02:15.087" endtime="20220307 16:02:15.454"/>
</kw>
<kw name="Click Element" library="SeleniumLibrary">
<arg>xpath:/html/body/app-root/div[1]/main/div/app-login/div/main/div[2]/div/div/div/div/div/div[6]/div/button/b</arg>
<doc>Click element identified by ``locator``.</doc>
<msg timestamp="20220307 16:02:15.455" level="INFO">Clicking element 'xpath:/html/body/app-root/div[1]/main/div/app-login/div/main/div[2]/div/div/div/div/div/div[6]/div/button/b'.</msg>
<status status="PASS" starttime="20220307 16:02:15.454" endtime="20220307 16:02:15.629"/>
</kw>
<kw name="Set Selenium Implicit Wait" library="SeleniumLibrary">
<arg>10</arg>
<doc>Sets the implicit wait value used by Selenium.</doc>
<status status="PASS" starttime="20220307 16:02:15.629" endtime="20220307 16:02:15.632"/>
</kw>
<kw name="Click Element" library="SeleniumLibrary">
<arg>id:mat-expansion-panel-header-8</arg>
<doc>Click element identified by ``locator``.</doc>
<msg timestamp="20220307 16:02:15.633" level="INFO">Clicking element 'id:mat-expansion-panel-header-8'.</msg>
<status status="PASS" starttime="20220307 16:02:15.633" endtime="20220307 16:02:29.847"/>
</kw>
<kw name="Click Element" library="SeleniumLibrary">
<arg>xpath://*[@id="cdk-accordion-child-8"]/div/div[2]/a</arg>
<doc>Click element identified by ``locator``.</doc>
<msg timestamp="20220307 16:02:29.849" level="INFO">Clicking element 'xpath://*[@id="cdk-accordion-child-8"]/div/div[2]/a'.</msg>
<status status="PASS" starttime="20220307 16:02:29.848" endtime="20220307 16:02:30.302"/>
</kw>
<kw name="Click Element" library="SeleniumLibrary">
<arg>xpath://span[contains(text(),'Create Project')]</arg>
<doc>Click element identified by ``locator``.</doc>
<msg timestamp="20220307 16:02:30.303" level="INFO">Clicking element 'xpath://span[contains(text(),'Create Project')]'.</msg>
<status status="PASS" starttime="20220307 16:02:30.302" endtime="20220307 16:02:31.300"/>
</kw>
<status status="PASS" starttime="20220307 16:01:47.535" endtime="20220307 16:02:31.301"/>
</kw>
<test id="s1-s2-t1" name="ProjectExcel using ${projecttype}">
<kw name="CreateProject">
<arg>${projecttype}</arg>
<arg>Atal Mission for Rejuvenation and Urban Transformation (AMRUT)</arg>
<arg>2021-2022</arg>
<arg>Dharwad Zone</arg>
<arg>Belagavi Division</arg>
<msg timestamp="20220307 16:02:31.318" level="FAIL">Variable '${projecttype}' not found.</msg>
<status status="FAIL" starttime="20220307 16:02:31.309" endtime="20220307 16:02:31.318"/>
</kw>
<status status="FAIL" starttime="20220307 16:02:31.303" endtime="20220307 16:02:31.324">Variable '${projecttype}' not found.</status>
</test>
<status status="FAIL" starttime="20220307 16:01:45.336" endtime="20220307 16:02:31.327"/>
</suite>
<suite id="s1-s3" name="Projectrequest" source="C:\Users\sunplus-08\PycharmProjects\PMMS\testcases\projectrequest.robot">
<test id="s1-s3-t1" name="Dropdown and list">
<kw name="Open Browser" library="SeleniumLibrary">
<arg>${url}</arg>
<arg>${browser}</arg>
<doc>Opens a new browser instance to the given ``url``.</doc>
<msg timestamp="20220307 16:02:34.154" level="INFO">Opening browser 'chrome' to base url 'http://203.92.59.154:4200/login'.</msg>
<status status="PASS" starttime="20220307 16:02:34.152" endtime="20220307 16:02:51.451"/>
</kw>
<kw name="Input Text" library="SeleniumLibrary">
<arg>id:email</arg>
<arg>pradeep@sunplussoftware.com</arg>
<doc>Types the given ``text`` into text field identified by ``locator``.</doc>
<msg timestamp="20220307 16:02:51.457" level="INFO">Typing text 'pradeep@sunplussoftware.com' into text field 'id:email'.</msg>
<status status="PASS" starttime="20220307 16:02:51.454" endtime="20220307 16:02:52.026"/>
</kw>
<kw name="Input Text" library="SeleniumLibrary">
<arg>id:password</arg>
<arg>123456</arg>
<doc>Types the given ``text`` into text field identified by ``locator``.</doc>
<msg timestamp="20220307 16:02:52.028" level="INFO">Typing text '123456' into text field 'id:password'.</msg>
<status status="PASS" starttime="20220307 16:02:52.027" endtime="20220307 16:02:52.207"/>
</kw>
<tag>sanity</tag>
<status status="PASS" starttime="20220307 16:02:34.150" endtime="20220307 16:02:52.208"/>
</test>
<test id="s1-s3-t2" name="TC2">
<kw name="Maximize Browser Window" library="SeleniumLibrary">
<doc>Maximizes current browser window.</doc>
<status status="PASS" starttime="20220307 16:02:52.501" endtime="20220307 16:02:52.673"/>
</kw>
<kw name="Set Selenium Speed" library="SeleniumLibrary">
<arg>2</arg>
<doc>Sets the delay that is waited after each Selenium command.</doc>
<status status="PASS" starttime="20220307 16:02:52.675" endtime="20220307 16:02:52.680"/>
</kw>
<kw name="Dropdown and list">
<kw name="Click Element" library="SeleniumLibrary">
<arg>xpath:/html/body/app-root/div[1]/main/div/app-login/div/main/div[2]/div/div/div/div/div/div[6]/div/button/b</arg>
<doc>Click element identified by ``locator``.</doc>
<msg timestamp="20220307 16:02:52.692" level="INFO">Clicking element 'xpath:/html/body/app-root/div[1]/main/div/app-login/div/main/div[2]/div/div/div/div/div/div[6]/div/button/b'.</msg>
<status status="PASS" starttime="20220307 16:02:52.688" endtime="20220307 16:02:56.870"/>
</kw>
<kw name="Click Element" library="SeleniumLibrary">
<arg>id:mat-expansion-panel-header-8</arg>
<doc>Click element identified by ``locator``.</doc>
<msg timestamp="20220307 16:02:56.870" level="INFO">Clicking element 'id:mat-expansion-panel-header-8'.</msg>
<status status="PASS" starttime="20220307 16:02:56.870" endtime="20220307 16:03:10.998"/>
</kw>
<kw name="Click Element" library="SeleniumLibrary">
<arg>xpath://*[@id="cdk-accordion-child-8"]/div/div[1]/a</arg>
<doc>Click element identified by ``locator``.</doc>
<msg timestamp="20220307 16:03:11.001" level="INFO">Clicking element 'xpath://*[@id="cdk-accordion-child-8"]/div/div[1]/a'.</msg>
<status status="PASS" starttime="20220307 16:03:10.999" endtime="20220307 16:03:15.468"/>
</kw>
<kw name="Click Element" library="SeleniumLibrary">
<arg>xpath://span[contains(text(),'Create Project Request')]</arg>
<doc>Click element identified by ``locator``.</doc>
<msg timestamp="20220307 16:03:15.471" level="INFO">Clicking element 'xpath://span[contains(text(),'Create Project Request')]'.</msg>
<status status="PASS" starttime="20220307 16:03:15.469" endtime="20220307 16:03:19.893"/>
</kw>
<kw name="Input Text" library="SeleniumLibrary">
<arg>id:reqTitle</arg>
<arg>ProjectRequest</arg>
<doc>Types the given ``text`` into text field identified by ``locator``.</doc>
<msg timestamp="20220307 16:03:19.895" level="INFO">Typing text 'ProjectRequest' into text field 'id:reqTitle'.</msg>
<status status="PASS" starttime="20220307 16:03:19.894" endtime="20220307 16:03:26.724"/>
</kw>
<kw name="Input Text" library="SeleniumLibrary">
<arg>id:reqDes</arg>
<arg>Description</arg>
<doc>Types the given ``text`` into text field identified by ``locator``.</doc>
<msg timestamp="20220307 16:03:26.727" level="INFO">Typing text 'Description' into text field 'id:reqDes'.</msg>
<status status="PASS" starttime="20220307 16:03:26.725" endtime="20220307 16:03:33.410"/>
</kw>
<kw name="Click Element" library="SeleniumLibrary">
<arg>id:protype</arg>
<doc>Click element identified by ``locator``.</doc>
<msg timestamp="20220307 16:03:33.412" level="INFO">Clicking element 'id:protype'.</msg>
<status status="PASS" starttime="20220307 16:03:33.411" endtime="20220307 16:03:37.772"/>
</kw>
<kw name="Click Element" library="SeleniumLibrary">
<arg>xpath://span[contains(text(),'Water Supply')]</arg>
<doc>Click element identified by ``locator``.</doc>
<msg timestamp="20220307 16:03:37.776" level="INFO">Clicking element 'xpath://span[contains(text(),'Water Supply')]'.</msg>
<status status="PASS" starttime="20220307 16:03:37.774" endtime="20220307 16:03:42.251"/>
</kw>
<kw name="Click Element" library="SeleniumLibrary">
<arg>id:reqdate</arg>
<doc>Click element identified by ``locator``.</doc>
<msg timestamp="20220307 16:03:42.252" level="INFO">Clicking element 'id:reqdate'.</msg>
<status status="PASS" starttime="20220307 16:03:42.251" endtime="20220307 16:03:46.977"/>
</kw>
<kw name="Set Selenium Implicit Wait" library="SeleniumLibrary">
<arg>10</arg>
<doc>Sets the implicit wait value used by Selenium.</doc>
<status status="PASS" starttime="20220307 16:03:46.979" endtime="20220307 16:03:48.990"/>
</kw>
<kw name="Click Element" library="SeleniumLibrary">
<arg>xpath://*[@id="mat-datepicker-0"]/mat-calendar-header/div/div/button[1]/span[1]/div</arg>
<doc>Click element identified by ``locator``.</doc>
<msg timestamp="20220307 16:03:48.993" level="INFO">Clicking element 'xpath://*[@id="mat-datepicker-0"]/mat-calendar-header/div/div/button[1]/span[1]/div'.</msg>
<status status="PASS" starttime="20220307 16:03:48.991" endtime="20220307 16:03:53.712"/>
</kw>
<kw name="Set Selenium Implicit Wait" library="SeleniumLibrary">
<arg>10</arg>
<doc>Sets the implicit wait value used by Selenium.</doc>
<status status="PASS" starttime="20220307 16:03:53.714" endtime="20220307 16:03:55.727"/>
</kw>
<kw name="Click Element" library="SeleniumLibrary">
<arg>xpath://div[contains(text(),'2011')]</arg>
<doc>Click element identified by ``locator``.</doc>
<msg timestamp="20220307 16:03:55.729" level="INFO">Clicking element 'xpath://div[contains(text(),'2011')]'.</msg>
<status status="PASS" starttime="20220307 16:03:55.728" endtime="20220307 16:04:00.224"/>
</kw>
<kw name="Set Selenium Implicit Wait" library="SeleniumLibrary">
<arg>10</arg>
<doc>Sets the implicit wait value used by Selenium.</doc>
<status status="PASS" starttime="20220307 16:04:00.226" endtime="20220307 16:04:02.243"/>
</kw>
<kw name="Click Element" library="SeleniumLibrary">
<arg>xpath://div[contains(text(),'AUG')]</arg>
<doc>Click element identified by ``locator``.</doc>
<msg timestamp="20220307 16:04:02.250" level="INFO">Clicking element 'xpath://div[contains(text(),'AUG')]'.</msg>
<status status="PASS" starttime="20220307 16:04:02.247" endtime="20220307 16:04:06.771"/>
</kw>
<kw name="Set Selenium Implicit Wait" library="SeleniumLibrary">
<arg>10</arg>
<doc>Sets the implicit wait value used by Selenium.</doc>
<status status="PASS" starttime="20220307 16:04:06.772" endtime="20220307 16:04:08.783"/>
</kw>
<kw name="Click Element" library="SeleniumLibrary">
<arg>xpath://div[contains(text(),' 15 ')]</arg>
<doc>Click element identified by ``locator``.</doc>
<msg timestamp="20220307 16:04:08.785" level="INFO">Clicking element 'xpath://div[contains(text(),' 15 ')]'.</msg>
<status status="PASS" starttime="20220307 16:04:08.783" endtime="20220307 16:04:13.229"/>
</kw>
<kw name="Click Element" library="SeleniumLibrary">
<arg>id:reqsrctype</arg>
<doc>Click element identified by ``locator``.</doc>
<msg timestamp="20220307 16:04:13.231" level="INFO">Clicking element 'id:reqsrctype'.</msg>
<status status="PASS" starttime="20220307 16:04:13.229" endtime="20220307 16:04:17.436"/>
</kw>
<kw name="Click Element" library="SeleniumLibrary">
<arg>xpath://span[contains(text(),' MLA ')]</arg>
<doc>Click element identified by ``locator``.</doc>
<msg timestamp="20220307 16:04:17.439" level="INFO">Clicking element 'xpath://span[contains(text(),' MLA ')]'.</msg>
<status status="PASS" starttime="20220307 16:04:17.437" endtime="20220307 16:04:21.797"/>
</kw>
<kw name="Input Text" library="SeleniumLibrary">
<arg>id:reqsrcname</arg>
<arg>PMMS</arg>
<doc>Types the given ``text`` into text field identified by ``locator``.</doc>
<msg timestamp="20220307 16:04:21.799" level="INFO">Typing text 'PMMS' into text field 'id:reqsrcname'.</msg>
<status status="PASS" starttime="20220307 16:04:21.798" endtime="20220307 16:04:28.218"/>
</kw>
<kw name="Set Selenium Implicit Wait" library="SeleniumLibrary">
<arg>10</arg>
<doc>Sets the implicit wait value used by Selenium.</doc>
<status status="PASS" starttime="20220307 16:04:28.219" endtime="20220307 16:04:30.237"/>
</kw>
<kw name="Click Element" library="SeleniumLibrary">
<arg>id:prozone</arg>
<doc>Click element identified by ``locator``.</doc>
<msg timestamp="20220307 16:04:30.239" level="INFO">Clicking element 'id:prozone'.</msg>
<status status="PASS" starttime="20220307 16:04:30.238" endtime="20220307 16:04:34.696"/>
</kw>
<kw name="Click Element" library="SeleniumLibrary">
<arg>xpath://span[contains(text(),' Bengaluru ')]</arg>
<doc>Click element identified by ``locator``.</doc>
<msg timestamp="20220307 16:04:34.698" level="INFO">Clicking element 'xpath://span[contains(text(),' Bengaluru ')]'.</msg>
<status status="PASS" starttime="20220307 16:04:34.697" endtime="20220307 16:04:39.057"/>
</kw>
<kw name="Click Element" library="SeleniumLibrary">
<arg>id:prodist</arg>
<doc>Click element identified by ``locator``.</doc>
<msg timestamp="20220307 16:04:39.060" level="INFO">Clicking element 'id:prodist'.</msg>
<status status="PASS" starttime="20220307 16:04:39.058" endtime="20220307 16:04:43.265"/>
</kw>
<kw name="Click Element" library="SeleniumLibrary">
<arg>xpath://span[contains(text(),' Bangalore Rural ')]</arg>
<doc>Click element identified by ``locator``.</doc>
<msg timestamp="20220307 16:04:43.267" level="INFO">Clicking element 'xpath://span[contains(text(),' Bangalore Rural ')]'.</msg>
<status status="PASS" starttime="20220307 16:04:43.266" endtime="20220307 16:04:47.569"/>
</kw>
<kw name="Click Element" library="SeleniumLibrary">
<arg>id:protaluk</arg>
<doc>Click element identified by ``locator``.</doc>
<msg timestamp="20220307 16:04:47.572" level="INFO">Clicking element 'id:protaluk'.</msg>
<status status="PASS" starttime="20220307 16:04:47.571" endtime="20220307 16:04:51.772"/>
</kw>
<kw name="Click Element" library="SeleniumLibrary">
<arg>xpath://span[contains(text(),' Vijayapura ')]</arg>
<doc>Click element identified by ``locator``.</doc>
<msg timestamp="20220307 16:04:51.774" level="INFO">Clicking element 'xpath://span[contains(text(),' Vijayapura ')]'.</msg>
<kw name="Capture Page Screenshot" library="SeleniumLibrary">
<doc>Takes screenshot of the current page and embeds it into log file.</doc>
<msg timestamp="20220307 16:05:06.180" level="INFO" html="true">&lt;/td&gt;&lt;/tr&gt;&lt;tr&gt;&lt;td colspan="3"&gt;&lt;a href="2-selenium-screenshot-1.png"&gt;&lt;img src="2-selenium-screenshot-1.png" width="800px"&gt;&lt;/a&gt;</msg>
<status status="PASS" starttime="20220307 16:05:03.894" endtime="20220307 16:05:06.181"/>
</kw>
<msg timestamp="20220307 16:05:06.191" level="FAIL">Element with locator 'xpath://span[contains(text(),' Vijayapura ')]' not found.</msg>
<status status="FAIL" starttime="20220307 16:04:51.773" endtime="20220307 16:05:06.191"/>
</kw>
<kw name="Click Element" library="SeleniumLibrary">
<arg>id:proulb</arg>
<doc>Click element identified by ``locator``.</doc>
<status status="NOT RUN" starttime="20220307 16:05:06.193" endtime="20220307 16:05:06.193"/>
</kw>
<kw name="Click Element" library="SeleniumLibrary">
<arg>xpath://span[contains(text(),' Vijayapura ')]</arg>
<doc>Click element identified by ``locator``.</doc>
<status status="NOT RUN" starttime="20220307 16:05:06.194" endtime="20220307 16:05:06.195"/>
</kw>
<kw name="Set Selenium Implicit Wait" library="SeleniumLibrary">
<arg>10</arg>
<doc>Sets the implicit wait value used by Selenium.</doc>
<status status="NOT RUN" starttime="20220307 16:05:06.195" endtime="20220307 16:05:06.196"/>
</kw>
<kw name="Click Element" library="SeleniumLibrary">
<arg>id:mat-expansion-panel-header-18</arg>
<doc>Click element identified by ``locator``.</doc>
<status status="NOT RUN" starttime="20220307 16:05:06.196" endtime="20220307 16:05:06.197"/>
</kw>
<kw name="Click Element" library="SeleniumLibrary">
<arg>id:mat-select-value-15</arg>
<doc>Click element identified by ``locator``.</doc>
<status status="NOT RUN" starttime="20220307 16:05:06.197" endtime="20220307 16:05:06.198"/>
</kw>
<kw name="Click Element" library="SeleniumLibrary">
<arg>xpath://span[contains(text(),' Project Request ')]</arg>
<doc>Click element identified by ``locator``.</doc>
<status status="NOT RUN" starttime="20220307 16:05:06.198" endtime="20220307 16:05:06.199"/>
</kw>
<kw name="Set Selenium Implicit Wait" library="SeleniumLibrary">
<arg>10</arg>
<doc>Sets the implicit wait value used by Selenium.</doc>
<status status="NOT RUN" starttime="20220307 16:05:06.200" endtime="20220307 16:05:06.200"/>
</kw>
<kw name="Click Element" library="SeleniumLibrary">
<arg>css:#cdk-accordion-child-18 &gt; div &gt; div &gt; div &gt; div.col-md-4 &gt; div &gt; div &gt; div &gt; button</arg>
<arg>C://Users/sunplus-08/Desktop/syntaxlocator.docx</arg>
<doc>Click element identified by ``locator``.</doc>
<status status="NOT RUN" starttime="20220307 16:05:06.201" endtime="20220307 16:05:06.201"/>
</kw>
<kw name="Click Element" library="SeleniumLibrary">
<arg>xpath://*[@id="slider"]/div/div/div/div[2]/div[7]/div/button[1]</arg>
<doc>Click element identified by ``locator``.</doc>
<status status="NOT RUN" starttime="20220307 16:05:06.202" endtime="20220307 16:05:06.203"/>
</kw>
<status status="FAIL" starttime="20220307 16:02:52.681" endtime="20220307 16:05:06.205"/>
</kw>
<tag>regression</tag>
<status status="FAIL" starttime="20220307 16:02:52.209" endtime="20220307 16:05:06.206">Element with locator 'xpath://span[contains(text(),' Vijayapura ')]' not found.</status>
</test>
<status status="FAIL" starttime="20220307 16:02:33.390" endtime="20220307 16:05:06.209"/>
</suite>
<doc>[https://pabot.org/?ref=log|Pabot] result from 3 executions.</doc>
<status status="FAIL" starttime="20220307 16:01:45.274" endtime="20220307 16:05:06.214"/>
</suite>
<statistics>
<total>
<stat pass="4" fail="2" skip="0">All Tests</stat>
</total>
<tag>
<stat pass="0" fail="1" skip="0">regression</stat>
<stat pass="1" fail="0" skip="0">sanity</stat>
</tag>
<suite>
<stat pass="4" fail="2" skip="0" id="s1" name="Suites">Suites</stat>
<stat pass="3" fail="0" skip="0" id="s1-s1" name="Project">Suites.Project</stat>
<stat pass="0" fail="1" skip="0" id="s1-s2" name="Projectexcel">Suites.Projectexcel</stat>
<stat pass="1" fail="1" skip="0" id="s1-s3" name="Projectrequest">Suites.Projectrequest</stat>
</suite>
</statistics>
<errors>
<msg timestamp="20220307 16:02:34.376" level="WARN">Multiple test cases with name 'Project using' executed in test suite 'Suites.Project'.</msg>
<msg timestamp="20220307 16:02:36.177" level="WARN">Multiple test cases with name 'Project using' executed in test suite 'Suites.Project'.</msg>
<msg timestamp="20220307 16:02:34.147" level="ERROR">Error in file 'C:\Users\sunplus-08\PycharmProjects\PMMS\testcases\projectrequest.robot' on line 4: Initializing library 'AutoItLibrary' with no arguments failed: com_error: (-2147221164, 'Class not registered', None, None)
Traceback (most recent call last):
  File "C:\Users\sunplus-08\AppData\Local\Programs\Python\Python310\lib\site-packages\AutoItLibrary\__init__.py", line 91, in __init__
    self._AutoIt = win32com.client.Dispatch("AutoItX3.Control")
  File "C:\Users\sunplus-08\AppData\Local\Programs\Python\Python310\lib\site-packages\win32com\client\__init__.py", line 117, in Dispatch
    dispatch, userName = dynamic._GetGoodDispatchAndUserName(dispatch, userName, clsctx)
  File "C:\Users\sunplus-08\AppData\Local\Programs\Python\Python310\lib\site-packages\win32com\client\dynamic.py", line 106, in _GetGoodDispatchAndUserName
    return (_GetGoodDispatch(IDispatch, clsctx), userName)
  File "C:\Users\sunplus-08\AppData\Local\Programs\Python\Python310\lib\site-packages\win32com\client\dynamic.py", line 88, in _GetGoodDispatch
    IDispatch = pythoncom.CoCreateInstance(</msg>
</errors>
</robot>
